Copyright 1986-2022 Xilinx, Inc. All Rights Reserved. Copyright 2022-2023 Advanced Micro Devices, Inc. All Rights Reserved.
---------------------------------------------------------------------------------------------------------------------------------------------
| Tool Version : Vivado v.2023.1 (lin64) Build 3865809 Sun May  7 15:04:56 MDT 2023
| Date         : Sun Dec 10 20:29:19 2023
| Host         : afonso-Modern-14-B10MW running 64-bit Ubuntu 22.04.3 LTS
| Command      : report_control_sets -verbose -file top_control_sets_placed.rpt
| Design       : top
| Device       : xc7z010
---------------------------------------------------------------------------------------------------------------------------------------------

Control Set Information

Table of Contents
-----------------
1. Summary
2. Histogram
3. Flip-Flop Distribution
4. Detailed Control Set Information

1. Summary
----------

+----------------------------------------------------------+-------+
|                          Status                          | Count |
+----------------------------------------------------------+-------+
| Total control sets                                       |    11 |
|    Minimum number of control sets                        |    11 |
|    Addition due to synthesis replication                 |     0 |
|    Addition due to physical synthesis replication        |     0 |
| Unused register locations in slices containing registers |    30 |
+----------------------------------------------------------+-------+
* Control sets can be merged at opt_design using control_set_merge or merge_equivalent_drivers
** Run report_qor_suggestions for automated merging and remapping suggestions


2. Histogram
------------

+--------------------+-------+
|       Fanout       | Count |
+--------------------+-------+
| Total control sets |    11 |
| >= 0 to < 4        |     3 |
| >= 4 to < 6        |     2 |
| >= 6 to < 8        |     0 |
| >= 8 to < 10       |     1 |
| >= 10 to < 12      |     0 |
| >= 12 to < 14      |     0 |
| >= 14 to < 16      |     0 |
| >= 16              |     5 |
+--------------------+-------+
* Control sets can be remapped at either synth_design or opt_design


3. Flip-Flop Distribution
-------------------------

+--------------+-----------------------+------------------------+-----------------+--------------+
| Clock Enable | Synchronous Set/Reset | Asynchronous Set/Reset | Total Registers | Total Slices |
+--------------+-----------------------+------------------------+-----------------+--------------+
| No           | No                    | No                     |              41 |           20 |
| No           | No                    | Yes                    |               0 |            0 |
| No           | Yes                   | No                     |               5 |            3 |
| Yes          | No                    | No                     |              44 |           28 |
| Yes          | No                    | Yes                    |               0 |            0 |
| Yes          | Yes                   | No                     |              56 |           22 |
+--------------+-----------------------+------------------------+-----------------+--------------+


4. Detailed Control Set Information
-----------------------------------

+-------------------------------+---------------------------------+------------------+------------------+----------------+--------------+
|          Clock Signal         |          Enable Signal          | Set/Reset Signal | Slice Load Count | Bel Load Count | Bels / Slice |
+-------------------------------+---------------------------------+------------------+------------------+----------------+--------------+
|  n_0_415_BUFG                 |                                 |                  |                1 |              1 |         1.00 |
|  cpu/ctrl_unit/state_reg[2]_4 |                                 |                  |                1 |              2 |         2.00 |
|  cpu/ctrl_unit/state_reg[4]_7 |                                 |                  |                1 |              2 |         2.00 |
|  clk_IBUF_BUFG                | cpu/ctrl_unit/E[0]              |                  |                2 |              4 |         2.00 |
|  clk_IBUF_BUFG                |                                 | rst_IBUF         |                3 |              5 |         1.67 |
| ~clk_IBUF_BUFG                | cpu/ctrl_unit/state_reg[1]_2[0] |                  |                4 |              8 |         2.00 |
|  clk_IBUF_BUFG                | cpu/ctrl_unit/state_reg[4]_5[0] |                  |               16 |             16 |         1.00 |
| ~clk_IBUF_BUFG                | cpu/ctrl_unit/state_reg[0]_2[0] |                  |                6 |             16 |         2.67 |
| ~clk_IBUF_BUFG                | cpu/ctrl_unit/state_reg[3]_0[0] | rst_IBUF         |               10 |             24 |         2.40 |
| ~clk_IBUF_BUFG                | cpu/ctrl_unit/state_reg[0]_3[0] | rst_IBUF         |               12 |             32 |         2.67 |
|  clk_IBUF_BUFG                |                                 |                  |               17 |             36 |         2.12 |
+-------------------------------+---------------------------------+------------------+------------------+----------------+--------------+


