Copyright 1986-2022 Xilinx, Inc. All Rights Reserved. Copyright 2022-2023 Advanced Micro Devices, Inc. All Rights Reserved.
---------------------------------------------------------------------------------------------------------------------------------------------
| Tool Version : Vivado v.2023.1 (lin64) Build 3865809 Sun May  7 15:04:56 MDT 2023
| Date         : Mon Jan 15 19:26:46 2024
| Host         : afonso-Modern-14-B10MW running 64-bit Ubuntu 22.04.3 LTS
| Command      : report_control_sets -verbose -file top_control_sets_placed.rpt
| Design       : top
| Device       : xc7z010
---------------------------------------------------------------------------------------------------------------------------------------------

Control Set Information

Table of Contents
-----------------
1. Summary
2. Histogram
3. Flip-Flop Distribution
4. Detailed Control Set Information

1. Summary
----------

+----------------------------------------------------------+-------+
|                          Status                          | Count |
+----------------------------------------------------------+-------+
| Total control sets                                       |    13 |
|    Minimum number of control sets                        |    13 |
|    Addition due to synthesis replication                 |     0 |
|    Addition due to physical synthesis replication        |     0 |
| Unused register locations in slices containing registers |    41 |
+----------------------------------------------------------+-------+
* Control sets can be merged at opt_design using control_set_merge or merge_equivalent_drivers
** Run report_qor_suggestions for automated merging and remapping suggestions


2. Histogram
------------

+--------------------+-------+
|       Fanout       | Count |
+--------------------+-------+
| Total control sets |    13 |
| >= 0 to < 4        |     4 |
| >= 4 to < 6        |     1 |
| >= 6 to < 8        |     1 |
| >= 8 to < 10       |     1 |
| >= 10 to < 12      |     1 |
| >= 12 to < 14      |     0 |
| >= 14 to < 16      |     0 |
| >= 16              |     5 |
+--------------------+-------+
* Control sets can be remapped at either synth_design or opt_design


3. Flip-Flop Distribution
-------------------------

+--------------+-----------------------+------------------------+-----------------+--------------+
| Clock Enable | Synchronous Set/Reset | Asynchronous Set/Reset | Total Registers | Total Slices |
+--------------+-----------------------+------------------------+-----------------+--------------+
| No           | No                    | No                     |              42 |           21 |
| No           | No                    | Yes                    |               2 |            1 |
| No           | Yes                   | No                     |              15 |            5 |
| Yes          | No                    | No                     |              44 |           27 |
| Yes          | No                    | Yes                    |               0 |            0 |
| Yes          | Yes                   | No                     |              56 |           32 |
+--------------+-----------------------+------------------------+-----------------+--------------+


4. Detailed Control Set Information
-----------------------------------

+-------------------------------+---------------------------------+--------------------+------------------+----------------+--------------+
|          Clock Signal         |          Enable Signal          |  Set/Reset Signal  | Slice Load Count | Bel Load Count | Bels / Slice |
+-------------------------------+---------------------------------+--------------------+------------------+----------------+--------------+
|  n_0_470_BUFG                 |                                 |                    |                1 |              1 |         1.00 |
|  cpu/ctrl_unit/state_reg[1]_7 |                                 |                    |                1 |              1 |         1.00 |
|  cpu/ctrl_unit/state_reg[1]_6 |                                 |                    |                1 |              2 |         2.00 |
| ~clk_IBUF_BUFG                |                                 |                    |                3 |              3 |         1.00 |
|  clk_IBUF_BUFG                | cpu/ctrl_unit/E[0]              |                    |                3 |              4 |         1.33 |
|  clk_IBUF_BUFG                |                                 | rst_IBUF           |                3 |              7 |         2.33 |
| ~clk_IBUF_BUFG                | cpu/ctrl_unit/rst[0]            |                    |                4 |              8 |         2.00 |
|  clk_IBUF_BUFG                |                                 | spi_slave/CDC/Q[0] |                3 |             10 |         3.33 |
|  clk_IBUF_BUFG                | cpu/ctrl_unit/state_reg[1]_5[0] |                    |               14 |             16 |         1.14 |
| ~clk_IBUF_BUFG                | cpu/ctrl_unit/state_reg[2]_0[0] |                    |                6 |             16 |         2.67 |
| ~clk_IBUF_BUFG                | cpu/ctrl_unit/state_reg[3]_0[0] | rst_IBUF           |               12 |             24 |         2.00 |
| ~clk_IBUF_BUFG                | cpu/ctrl_unit/state_reg[3]_4[0] | rst_IBUF           |               20 |             32 |         1.60 |
|  clk_IBUF_BUFG                |                                 |                    |               15 |             35 |         2.33 |
+-------------------------------+---------------------------------+--------------------+------------------+----------------+--------------+


