
*** Running vivado
    with args -log top.vds -m64 -product Vivado -mode batch -messageDb vivado.pb -notrace -source top.tcl


****** Vivado v2023.1 (64-bit)
  **** SW Build 3865809 on Sun May  7 15:04:56 MDT 2023
  **** IP Build 3864474 on Sun May  7 20:36:21 MDT 2023
  **** SharedData Build 3865790 on Sun May 07 13:33:03 MDT 2023
    ** Copyright 1986-2022 Xilinx, Inc. All Rights Reserved.
    ** Copyright 2022-2023 Advanced Micro Devices, Inc. All Rights Reserved.

source top.tcl -notrace
create_project: Time (s): cpu = 00:00:07 ; elapsed = 00:00:07 . Memory (MB): peak = 2095.383 ; gain = 150.992 ; free physical = 1029 ; free virtual = 5238
INFO: [IP_Flow 19-234] Refreshing IP repositories
INFO: [IP_Flow 19-1704] No user IP repositories specified
INFO: [IP_Flow 19-2313] Loaded Vivado IP repository '/tools/Xilinx/Vivado/2023.1/data/ip'.
Command: read_checkpoint -auto_incremental -incremental {/home/afonso/Documents/VesPA-CPU_MEM_italian/VesPA-CPU_MEM_italian/VesPA Version 8bit ROM/aula.srcs/utils_1/imports/synth_1/top.dcp}
INFO: [Vivado 12-5825] Read reference checkpoint from /home/afonso/Documents/VesPA-CPU_MEM_italian/VesPA-CPU_MEM_italian/VesPA Version 8bit ROM/aula.srcs/utils_1/imports/synth_1/top.dcp for incremental synthesis
INFO: [Vivado 12-7989] Please ensure there are no constraint changes
Command: synth_design -top top -part xc7z010clg400-1
Starting synth_design
Attempting to get a license for feature 'Synthesis' and/or device 'xc7z010'
INFO: [Common 17-349] Got license for feature 'Synthesis' and/or device 'xc7z010'
INFO: [Device 21-403] Loading part xc7z010clg400-1
INFO: [Designutils 20-5440] No compile time benefit to using incremental synthesis; A full resynthesis will be run
INFO: [Designutils 20-4379] Flow is switching to default flow due to incremental criteria not met. If you would like to alter this behaviour and have the flow terminate instead, please set the following parameter config_implementation {autoIncr.Synth.RejectBehavior Terminate}
INFO: [Synth 8-7079] Multithreading enabled for synth_design using a maximum of 4 processes.
INFO: [Synth 8-7078] Launching helper process for spawning children vivado processes
INFO: [Synth 8-7075] Helper process launched with PID 32586
INFO: [Synth 8-11241] undeclared symbol 'IRLoad1', assumed default net type 'wire' [/home/afonso/Documents/VesPA-CPU_MEM_italian/VesPA-CPU_MEM_italian/VesPA Version 8bit ROM/aula.srcs/sources_1/new/control_unit.v:124]
INFO: [Synth 8-11241] undeclared symbol 'IRLoad2', assumed default net type 'wire' [/home/afonso/Documents/VesPA-CPU_MEM_italian/VesPA-CPU_MEM_italian/VesPA Version 8bit ROM/aula.srcs/sources_1/new/control_unit.v:125]
INFO: [Synth 8-11241] undeclared symbol 'outdata1', assumed default net type 'wire' [/home/afonso/Documents/VesPA-CPU_MEM_italian/VesPA-CPU_MEM_italian/VesPA Version 8bit ROM/aula.srcs/sources_1/new/control_unit.v:128]
INFO: [Synth 8-11241] undeclared symbol 'outdata2', assumed default net type 'wire' [/home/afonso/Documents/VesPA-CPU_MEM_italian/VesPA-CPU_MEM_italian/VesPA Version 8bit ROM/aula.srcs/sources_1/new/control_unit.v:129]
INFO: [Synth 8-11241] undeclared symbol 'outdataram', assumed default net type 'wire' [/home/afonso/Documents/VesPA-CPU_MEM_italian/VesPA-CPU_MEM_italian/VesPA Version 8bit ROM/aula.srcs/sources_1/new/control_unit.v:132]
INFO: [Synth 8-11241] undeclared symbol 'checkcc', assumed default net type 'wire' [/home/afonso/Documents/VesPA-CPU_MEM_italian/VesPA-CPU_MEM_italian/VesPA Version 8bit ROM/aula.srcs/sources_1/new/control_unit.v:135]
INFO: [Synth 8-11241] undeclared symbol 'branch_en', assumed default net type 'wire' [/home/afonso/Documents/VesPA-CPU_MEM_italian/VesPA-CPU_MEM_italian/VesPA Version 8bit ROM/aula.srcs/sources_1/new/control_unit.v:150]
INFO: [Synth 8-11241] undeclared symbol 'write_data', assumed default net type 'wire' [/home/afonso/Documents/VesPA-CPU_MEM_italian/VesPA-CPU_MEM_italian/VesPA Version 8bit ROM/aula.srcs/sources_1/new/control_unit.v:156]
INFO: [Synth 8-11241] undeclared symbol 'PCinc', assumed default net type 'wire' [/home/afonso/Documents/VesPA-CPU_MEM_italian/VesPA-CPU_MEM_italian/VesPA Version 8bit ROM/aula.srcs/sources_1/new/control_unit.v:158]
INFO: [Synth 8-11241] undeclared symbol 'code_en', assumed default net type 'wire' [/home/afonso/Documents/VesPA-CPU_MEM_italian/VesPA-CPU_MEM_italian/VesPA Version 8bit ROM/aula.srcs/sources_1/new/control_unit.v:160]
INFO: [Synth 8-11241] undeclared symbol 'ram_read_en', assumed default net type 'wire' [/home/afonso/Documents/VesPA-CPU_MEM_italian/VesPA-CPU_MEM_italian/VesPA Version 8bit ROM/aula.srcs/sources_1/new/control_unit.v:162]
INFO: [Synth 8-11241] undeclared symbol 'PCLoad', assumed default net type 'wire' [/home/afonso/Documents/VesPA-CPU_MEM_italian/VesPA-CPU_MEM_italian/VesPA Version 8bit ROM/aula.srcs/sources_1/new/control_unit.v:170]
INFO: [Synth 8-11241] undeclared symbol 'PC_isr', assumed default net type 'wire' [/home/afonso/Documents/VesPA-CPU_MEM_italian/VesPA-CPU_MEM_italian/VesPA Version 8bit ROM/aula.srcs/sources_1/new/control_unit.v:172]
INFO: [Synth 8-11241] undeclared symbol 'b_add', assumed default net type 'wire' [/home/afonso/Documents/VesPA-CPU_MEM_italian/VesPA-CPU_MEM_italian/VesPA Version 8bit ROM/aula.srcs/sources_1/new/control_unit.v:181]
INFO: [Synth 8-11241] undeclared symbol 'b_sub', assumed default net type 'wire' [/home/afonso/Documents/VesPA-CPU_MEM_italian/VesPA-CPU_MEM_italian/VesPA Version 8bit ROM/aula.srcs/sources_1/new/control_unit.v:182]
INFO: [Synth 8-11241] undeclared symbol 'b_and', assumed default net type 'wire' [/home/afonso/Documents/VesPA-CPU_MEM_italian/VesPA-CPU_MEM_italian/VesPA Version 8bit ROM/aula.srcs/sources_1/new/control_unit.v:183]
INFO: [Synth 8-11241] undeclared symbol 'b_or', assumed default net type 'wire' [/home/afonso/Documents/VesPA-CPU_MEM_italian/VesPA-CPU_MEM_italian/VesPA Version 8bit ROM/aula.srcs/sources_1/new/control_unit.v:184]
INFO: [Synth 8-11241] undeclared symbol 'b_xor', assumed default net type 'wire' [/home/afonso/Documents/VesPA-CPU_MEM_italian/VesPA-CPU_MEM_italian/VesPA Version 8bit ROM/aula.srcs/sources_1/new/control_unit.v:185]
INFO: [Synth 8-11241] undeclared symbol 'b_not', assumed default net type 'wire' [/home/afonso/Documents/VesPA-CPU_MEM_italian/VesPA-CPU_MEM_italian/VesPA Version 8bit ROM/aula.srcs/sources_1/new/control_unit.v:186]
INFO: [Synth 8-11241] undeclared symbol 'b_cmp', assumed default net type 'wire' [/home/afonso/Documents/VesPA-CPU_MEM_italian/VesPA-CPU_MEM_italian/VesPA Version 8bit ROM/aula.srcs/sources_1/new/control_unit.v:187]
INFO: [Synth 8-11241] undeclared symbol 'b_ld', assumed default net type 'wire' [/home/afonso/Documents/VesPA-CPU_MEM_italian/VesPA-CPU_MEM_italian/VesPA Version 8bit ROM/aula.srcs/sources_1/new/control_unit.v:188]
INFO: [Synth 8-11241] undeclared symbol 'b_st', assumed default net type 'wire' [/home/afonso/Documents/VesPA-CPU_MEM_italian/VesPA-CPU_MEM_italian/VesPA Version 8bit ROM/aula.srcs/sources_1/new/control_unit.v:189]
---------------------------------------------------------------------------------
Starting RTL Elaboration : Time (s): cpu = 00:00:04 ; elapsed = 00:00:04 . Memory (MB): peak = 2830.074 ; gain = 378.699 ; free physical = 132 ; free virtual = 4248
---------------------------------------------------------------------------------
INFO: [Synth 8-6157] synthesizing module 'top' [/home/afonso/Documents/VesPA-CPU_MEM_italian/VesPA-CPU_MEM_italian/VesPA Version 8bit ROM/aula.srcs/sources_1/new/top.v:3]
INFO: [Synth 8-6157] synthesizing module 'CPU' [/home/afonso/Documents/VesPA-CPU_MEM_italian/VesPA-CPU_MEM_italian/VesPA Version 8bit ROM/aula.srcs/sources_1/new/CPU.v:4]
INFO: [Synth 8-6157] synthesizing module 'control_unit' [/home/afonso/Documents/VesPA-CPU_MEM_italian/VesPA-CPU_MEM_italian/VesPA Version 8bit ROM/aula.srcs/sources_1/new/control_unit.v:6]
INFO: [Synth 8-6155] done synthesizing module 'control_unit' (0#1) [/home/afonso/Documents/VesPA-CPU_MEM_italian/VesPA-CPU_MEM_italian/VesPA Version 8bit ROM/aula.srcs/sources_1/new/control_unit.v:6]
INFO: [Synth 8-6157] synthesizing module 'datapath' [/home/afonso/Documents/VesPA-CPU_MEM_italian/VesPA-CPU_MEM_italian/VesPA Version 8bit ROM/aula.srcs/sources_1/new/datapath.v:5]
INFO: [Synth 8-6157] synthesizing module 'ALU' [/home/afonso/Documents/VesPA-CPU_MEM_italian/VesPA-CPU_MEM_italian/VesPA Version 8bit ROM/aula.srcs/sources_1/new/ALU.v:4]
INFO: [Synth 8-6155] done synthesizing module 'ALU' (0#1) [/home/afonso/Documents/VesPA-CPU_MEM_italian/VesPA-CPU_MEM_italian/VesPA Version 8bit ROM/aula.srcs/sources_1/new/ALU.v:4]
WARNING: [Synth 8-7071] port 'immed23' of module 'ALU' is unconnected for instance 'arith_logic_unit' [/home/afonso/Documents/VesPA-CPU_MEM_italian/VesPA-CPU_MEM_italian/VesPA Version 8bit ROM/aula.srcs/sources_1/new/datapath.v:60]
WARNING: [Synth 8-7071] port 'immed17' of module 'ALU' is unconnected for instance 'arith_logic_unit' [/home/afonso/Documents/VesPA-CPU_MEM_italian/VesPA-CPU_MEM_italian/VesPA Version 8bit ROM/aula.srcs/sources_1/new/datapath.v:60]
WARNING: [Synth 8-7023] instance 'arith_logic_unit' of module 'ALU' has 21 connections declared, but only 19 given [/home/afonso/Documents/VesPA-CPU_MEM_italian/VesPA-CPU_MEM_italian/VesPA Version 8bit ROM/aula.srcs/sources_1/new/datapath.v:60]
INFO: [Synth 8-6157] synthesizing module 'register_bank' [/home/afonso/Documents/VesPA-CPU_MEM_italian/VesPA-CPU_MEM_italian/VesPA Version 8bit ROM/aula.srcs/sources_1/new/register_bank.v:4]
INFO: [Synth 8-6157] synthesizing module 'RegFile_wrapper' [/home/afonso/Documents/VesPA-CPU_MEM_italian/VesPA-CPU_MEM_italian/VesPA Version 8bit ROM/aula.srcs/sources_1/imports/hdl/RegFile_wrapper.v:13]
INFO: [Synth 8-6157] synthesizing module 'RegFile' [/home/afonso/Documents/VesPA-CPU_MEM_italian/VesPA-CPU_MEM_italian/VesPA Version 8bit ROM/aula.gen/sources_1/bd/RegFile/synth/RegFile.v:13]
INFO: [Synth 8-6157] synthesizing module 'RegFile_blk_mem_gen_0_0' [/home/afonso/Documents/VesPA-CPU_MEM_italian/VesPA-CPU_MEM_italian/VesPA Version 8bit ROM/aula.runs/synth_1/.Xil/Vivado-32552-afonso-Modern-14-B10MW/realtime/RegFile_blk_mem_gen_0_0_stub.v:6]
INFO: [Synth 8-6155] done synthesizing module 'RegFile_blk_mem_gen_0_0' (0#1) [/home/afonso/Documents/VesPA-CPU_MEM_italian/VesPA-CPU_MEM_italian/VesPA Version 8bit ROM/aula.runs/synth_1/.Xil/Vivado-32552-afonso-Modern-14-B10MW/realtime/RegFile_blk_mem_gen_0_0_stub.v:6]
INFO: [Synth 8-6157] synthesizing module 'RegFile_blk_mem_gen_0_1' [/home/afonso/Documents/VesPA-CPU_MEM_italian/VesPA-CPU_MEM_italian/VesPA Version 8bit ROM/aula.runs/synth_1/.Xil/Vivado-32552-afonso-Modern-14-B10MW/realtime/RegFile_blk_mem_gen_0_1_stub.v:6]
INFO: [Synth 8-6155] done synthesizing module 'RegFile_blk_mem_gen_0_1' (0#1) [/home/afonso/Documents/VesPA-CPU_MEM_italian/VesPA-CPU_MEM_italian/VesPA Version 8bit ROM/aula.runs/synth_1/.Xil/Vivado-32552-afonso-Modern-14-B10MW/realtime/RegFile_blk_mem_gen_0_1_stub.v:6]
INFO: [Synth 8-6155] done synthesizing module 'RegFile' (0#1) [/home/afonso/Documents/VesPA-CPU_MEM_italian/VesPA-CPU_MEM_italian/VesPA Version 8bit ROM/aula.gen/sources_1/bd/RegFile/synth/RegFile.v:13]
INFO: [Synth 8-6155] done synthesizing module 'RegFile_wrapper' (0#1) [/home/afonso/Documents/VesPA-CPU_MEM_italian/VesPA-CPU_MEM_italian/VesPA Version 8bit ROM/aula.srcs/sources_1/imports/hdl/RegFile_wrapper.v:13]
INFO: [Synth 8-6155] done synthesizing module 'register_bank' (0#1) [/home/afonso/Documents/VesPA-CPU_MEM_italian/VesPA-CPU_MEM_italian/VesPA Version 8bit ROM/aula.srcs/sources_1/new/register_bank.v:4]
INFO: [Synth 8-6157] synthesizing module 'Program_Counter' [/home/afonso/Documents/VesPA-CPU_MEM_italian/VesPA-CPU_MEM_italian/VesPA Version 8bit ROM/aula.srcs/sources_1/new/Program_Counter.v:4]
INFO: [Synth 8-6155] done synthesizing module 'Program_Counter' (0#1) [/home/afonso/Documents/VesPA-CPU_MEM_italian/VesPA-CPU_MEM_italian/VesPA Version 8bit ROM/aula.srcs/sources_1/new/Program_Counter.v:4]
INFO: [Synth 8-6157] synthesizing module 'Instruction_Register' [/home/afonso/Documents/VesPA-CPU_MEM_italian/VesPA-CPU_MEM_italian/VesPA Version 8bit ROM/aula.srcs/sources_1/new/Instruction_Register.v:4]
INFO: [Synth 8-6155] done synthesizing module 'Instruction_Register' (0#1) [/home/afonso/Documents/VesPA-CPU_MEM_italian/VesPA-CPU_MEM_italian/VesPA Version 8bit ROM/aula.srcs/sources_1/new/Instruction_Register.v:4]
INFO: [Synth 8-6157] synthesizing module 'interruptcontrol' [/home/afonso/Documents/VesPA-CPU_MEM_italian/VesPA-CPU_MEM_italian/VesPA Version 8bit ROM/aula.srcs/sources_1/new/interruptcontrol.v:4]
INFO: [Synth 8-6155] done synthesizing module 'interruptcontrol' (0#1) [/home/afonso/Documents/VesPA-CPU_MEM_italian/VesPA-CPU_MEM_italian/VesPA Version 8bit ROM/aula.srcs/sources_1/new/interruptcontrol.v:4]
WARNING: [Synth 8-6104] Input port 'ISR_req' has an internal driver [/home/afonso/Documents/VesPA-CPU_MEM_italian/VesPA-CPU_MEM_italian/VesPA Version 8bit ROM/aula.srcs/sources_1/new/datapath.v:152]
INFO: [Synth 8-6157] synthesizing module 'mux2_1' [/home/afonso/Documents/VesPA-CPU_MEM_italian/VesPA-CPU_MEM_italian/VesPA Version 8bit ROM/aula.srcs/sources_1/new/mux2_1.v:23]
INFO: [Synth 8-6155] done synthesizing module 'mux2_1' (0#1) [/home/afonso/Documents/VesPA-CPU_MEM_italian/VesPA-CPU_MEM_italian/VesPA Version 8bit ROM/aula.srcs/sources_1/new/mux2_1.v:23]
INFO: [Synth 8-6157] synthesizing module 'mux2_1iRegFile' [/home/afonso/Documents/VesPA-CPU_MEM_italian/VesPA-CPU_MEM_italian/VesPA Version 8bit ROM/aula.srcs/sources_1/new/mux2_1iRegFile.v:5]
INFO: [Synth 8-6155] done synthesizing module 'mux2_1iRegFile' (0#1) [/home/afonso/Documents/VesPA-CPU_MEM_italian/VesPA-CPU_MEM_italian/VesPA Version 8bit ROM/aula.srcs/sources_1/new/mux2_1iRegFile.v:5]
WARNING: [Synth 8-689] width (33) of port connection 'result' does not match port width (32) of module 'mux2_1iRegFile' [/home/afonso/Documents/VesPA-CPU_MEM_italian/VesPA-CPU_MEM_italian/VesPA Version 8bit ROM/aula.srcs/sources_1/new/datapath.v:163]
INFO: [Synth 8-6157] synthesizing module 'memoryHandler' [/home/afonso/Documents/VesPA-CPU_MEM_italian/VesPA-CPU_MEM_italian/VesPA Version 8bit ROM/aula.srcs/sources_1/new/memoryHandler.v:5]
INFO: [Synth 8-6155] done synthesizing module 'memoryHandler' (0#1) [/home/afonso/Documents/VesPA-CPU_MEM_italian/VesPA-CPU_MEM_italian/VesPA Version 8bit ROM/aula.srcs/sources_1/new/memoryHandler.v:5]
INFO: [Synth 8-6155] done synthesizing module 'datapath' (0#1) [/home/afonso/Documents/VesPA-CPU_MEM_italian/VesPA-CPU_MEM_italian/VesPA Version 8bit ROM/aula.srcs/sources_1/new/datapath.v:5]
INFO: [Synth 8-6155] done synthesizing module 'CPU' (0#1) [/home/afonso/Documents/VesPA-CPU_MEM_italian/VesPA-CPU_MEM_italian/VesPA Version 8bit ROM/aula.srcs/sources_1/new/CPU.v:4]
INFO: [Synth 8-6157] synthesizing module 'memoryAf_wrapper' [/home/afonso/Documents/VesPA-CPU_MEM_italian/VesPA-CPU_MEM_italian/VesPA Version 8bit ROM/aula.srcs/sources_1/imports/hdl/memoryAf_wrapper.v:13]
INFO: [Synth 8-6157] synthesizing module 'memoryAf' [/home/afonso/Documents/VesPA-CPU_MEM_italian/VesPA-CPU_MEM_italian/VesPA Version 8bit ROM/aula.gen/sources_1/bd/memoryAf/synth/memoryAf.v:13]
INFO: [Synth 8-6157] synthesizing module 'memoryAf_axi_bram_ctrl_0_bram_0' [/home/afonso/Documents/VesPA-CPU_MEM_italian/VesPA-CPU_MEM_italian/VesPA Version 8bit ROM/aula.runs/synth_1/.Xil/Vivado-32552-afonso-Modern-14-B10MW/realtime/memoryAf_axi_bram_ctrl_0_bram_0_stub.v:6]
INFO: [Synth 8-6155] done synthesizing module 'memoryAf_axi_bram_ctrl_0_bram_0' (0#1) [/home/afonso/Documents/VesPA-CPU_MEM_italian/VesPA-CPU_MEM_italian/VesPA Version 8bit ROM/aula.runs/synth_1/.Xil/Vivado-32552-afonso-Modern-14-B10MW/realtime/memoryAf_axi_bram_ctrl_0_bram_0_stub.v:6]
INFO: [Synth 8-6157] synthesizing module 'memoryAf_blk_mem_gen_0_1' [/home/afonso/Documents/VesPA-CPU_MEM_italian/VesPA-CPU_MEM_italian/VesPA Version 8bit ROM/aula.runs/synth_1/.Xil/Vivado-32552-afonso-Modern-14-B10MW/realtime/memoryAf_blk_mem_gen_0_1_stub.v:6]
INFO: [Synth 8-6155] done synthesizing module 'memoryAf_blk_mem_gen_0_1' (0#1) [/home/afonso/Documents/VesPA-CPU_MEM_italian/VesPA-CPU_MEM_italian/VesPA Version 8bit ROM/aula.runs/synth_1/.Xil/Vivado-32552-afonso-Modern-14-B10MW/realtime/memoryAf_blk_mem_gen_0_1_stub.v:6]
INFO: [Synth 8-6155] done synthesizing module 'memoryAf' (0#1) [/home/afonso/Documents/VesPA-CPU_MEM_italian/VesPA-CPU_MEM_italian/VesPA Version 8bit ROM/aula.gen/sources_1/bd/memoryAf/synth/memoryAf.v:13]
INFO: [Synth 8-6155] done synthesizing module 'memoryAf_wrapper' (0#1) [/home/afonso/Documents/VesPA-CPU_MEM_italian/VesPA-CPU_MEM_italian/VesPA Version 8bit ROM/aula.srcs/sources_1/imports/hdl/memoryAf_wrapper.v:13]
WARNING: [Synth 8-689] width (8) of port connection 'addra_0' does not match port width (7) of module 'memoryAf_wrapper' [/home/afonso/Documents/VesPA-CPU_MEM_italian/VesPA-CPU_MEM_italian/VesPA Version 8bit ROM/aula.srcs/sources_1/new/top.v:54]
WARNING: [Synth 8-689] width (32) of port connection 'addra_1' does not match port width (8) of module 'memoryAf_wrapper' [/home/afonso/Documents/VesPA-CPU_MEM_italian/VesPA-CPU_MEM_italian/VesPA Version 8bit ROM/aula.srcs/sources_1/new/top.v:55]
WARNING: [Synth 8-689] width (8) of port connection 'addrb_0' does not match port width (7) of module 'memoryAf_wrapper' [/home/afonso/Documents/VesPA-CPU_MEM_italian/VesPA-CPU_MEM_italian/VesPA Version 8bit ROM/aula.srcs/sources_1/new/top.v:56]
WARNING: [Synth 8-689] width (32) of port connection 'addrb_1' does not match port width (8) of module 'memoryAf_wrapper' [/home/afonso/Documents/VesPA-CPU_MEM_italian/VesPA-CPU_MEM_italian/VesPA Version 8bit ROM/aula.srcs/sources_1/new/top.v:57]
INFO: [Synth 8-6157] synthesizing module 'Button_debounce' [/home/afonso/Documents/VesPA-CPU_MEM_italian/VesPA-CPU_MEM_italian/VesPA Version 8bit ROM/aula.srcs/sources_1/new/button_debounce.v:4]
WARNING: [Synth 8-6090] variable 'debounce_counter' is written by both blocking and non-blocking assignments, entire logic could be removed [/home/afonso/Documents/VesPA-CPU_MEM_italian/VesPA-CPU_MEM_italian/VesPA Version 8bit ROM/aula.srcs/sources_1/new/button_debounce.v:31]
WARNING: [Synth 8-6090] variable 'button_out' is written by both blocking and non-blocking assignments, entire logic could be removed [/home/afonso/Documents/VesPA-CPU_MEM_italian/VesPA-CPU_MEM_italian/VesPA Version 8bit ROM/aula.srcs/sources_1/new/button_debounce.v:44]
WARNING: [Synth 8-6090] variable 'button_pressed' is written by both blocking and non-blocking assignments, entire logic could be removed [/home/afonso/Documents/VesPA-CPU_MEM_italian/VesPA-CPU_MEM_italian/VesPA Version 8bit ROM/aula.srcs/sources_1/new/button_debounce.v:45]
WARNING: [Synth 8-6090] variable 'debounce_counter' is written by both blocking and non-blocking assignments, entire logic could be removed [/home/afonso/Documents/VesPA-CPU_MEM_italian/VesPA-CPU_MEM_italian/VesPA Version 8bit ROM/aula.srcs/sources_1/new/button_debounce.v:46]
WARNING: [Synth 8-6090] variable 'button_out' is written by both blocking and non-blocking assignments, entire logic could be removed [/home/afonso/Documents/VesPA-CPU_MEM_italian/VesPA-CPU_MEM_italian/VesPA Version 8bit ROM/aula.srcs/sources_1/new/button_debounce.v:48]
INFO: [Synth 8-6155] done synthesizing module 'Button_debounce' (0#1) [/home/afonso/Documents/VesPA-CPU_MEM_italian/VesPA-CPU_MEM_italian/VesPA Version 8bit ROM/aula.srcs/sources_1/new/button_debounce.v:4]
INFO: [Synth 8-6155] done synthesizing module 'top' (0#1) [/home/afonso/Documents/VesPA-CPU_MEM_italian/VesPA-CPU_MEM_italian/VesPA Version 8bit ROM/aula.srcs/sources_1/new/top.v:3]
WARNING: [Synth 8-3848] Net pc_reg_val in module/entity register_bank does not have driver. [/home/afonso/Documents/VesPA-CPU_MEM_italian/VesPA-CPU_MEM_italian/VesPA Version 8bit ROM/aula.srcs/sources_1/new/register_bank.v:15]
WARNING: [Synth 8-3848] Net operandoutram in module/entity register_bank does not have driver. [/home/afonso/Documents/VesPA-CPU_MEM_italian/VesPA-CPU_MEM_italian/VesPA Version 8bit ROM/aula.srcs/sources_1/new/register_bank.v:18]
WARNING: [Synth 8-3848] Net ISR_req in module/entity CPU does not have driver. [/home/afonso/Documents/VesPA-CPU_MEM_italian/VesPA-CPU_MEM_italian/VesPA Version 8bit ROM/aula.srcs/sources_1/new/CPU.v:55]
WARNING: [Synth 8-7129] Port ctrl_out[31] in module memoryHandler is either unconnected or has no load
WARNING: [Synth 8-7129] Port ctrl_out[30] in module memoryHandler is either unconnected or has no load
WARNING: [Synth 8-7129] Port ctrl_out[29] in module memoryHandler is either unconnected or has no load
WARNING: [Synth 8-7129] Port ctrl_out[28] in module memoryHandler is either unconnected or has no load
WARNING: [Synth 8-7129] Port ctrl_out[27] in module memoryHandler is either unconnected or has no load
WARNING: [Synth 8-7129] Port ctrl_out[24] in module memoryHandler is either unconnected or has no load
WARNING: [Synth 8-7129] Port ctrl_out[23] in module memoryHandler is either unconnected or has no load
WARNING: [Synth 8-7129] Port ctrl_out[22] in module memoryHandler is either unconnected or has no load
WARNING: [Synth 8-7129] Port ctrl_out[21] in module memoryHandler is either unconnected or has no load
WARNING: [Synth 8-7129] Port ctrl_out[20] in module memoryHandler is either unconnected or has no load
WARNING: [Synth 8-7129] Port ctrl_out[19] in module memoryHandler is either unconnected or has no load
WARNING: [Synth 8-7129] Port ctrl_out[18] in module memoryHandler is either unconnected or has no load
WARNING: [Synth 8-7129] Port ctrl_out[17] in module memoryHandler is either unconnected or has no load
WARNING: [Synth 8-7129] Port ctrl_out[16] in module memoryHandler is either unconnected or has no load
WARNING: [Synth 8-7129] Port ctrl_out[15] in module memoryHandler is either unconnected or has no load
WARNING: [Synth 8-7129] Port ctrl_out[14] in module memoryHandler is either unconnected or has no load
WARNING: [Synth 8-7129] Port ctrl_out[13] in module memoryHandler is either unconnected or has no load
WARNING: [Synth 8-7129] Port ctrl_out[12] in module memoryHandler is either unconnected or has no load
WARNING: [Synth 8-7129] Port ctrl_out[11] in module memoryHandler is either unconnected or has no load
WARNING: [Synth 8-7129] Port ctrl_out[10] in module memoryHandler is either unconnected or has no load
WARNING: [Synth 8-7129] Port ctrl_out[9] in module memoryHandler is either unconnected or has no load
WARNING: [Synth 8-7129] Port ctrl_out[6] in module memoryHandler is either unconnected or has no load
WARNING: [Synth 8-7129] Port ctrl_out[5] in module memoryHandler is either unconnected or has no load
WARNING: [Synth 8-7129] Port ctrl_out[4] in module memoryHandler is either unconnected or has no load
WARNING: [Synth 8-7129] Port ctrl_out[3] in module memoryHandler is either unconnected or has no load
WARNING: [Synth 8-7129] Port ctrl_out[2] in module memoryHandler is either unconnected or has no load
WARNING: [Synth 8-7129] Port ctrl_out[1] in module memoryHandler is either unconnected or has no load
WARNING: [Synth 8-7129] Port ctrl_out[0] in module memoryHandler is either unconnected or has no load
WARNING: [Synth 8-7129] Port immed22[31] in module memoryHandler is either unconnected or has no load
WARNING: [Synth 8-7129] Port immed22[30] in module memoryHandler is either unconnected or has no load
WARNING: [Synth 8-7129] Port immed22[29] in module memoryHandler is either unconnected or has no load
WARNING: [Synth 8-7129] Port immed22[28] in module memoryHandler is either unconnected or has no load
WARNING: [Synth 8-7129] Port immed22[27] in module memoryHandler is either unconnected or has no load
WARNING: [Synth 8-7129] Port immed22[26] in module memoryHandler is either unconnected or has no load
WARNING: [Synth 8-7129] Port immed22[25] in module memoryHandler is either unconnected or has no load
WARNING: [Synth 8-7129] Port immed22[24] in module memoryHandler is either unconnected or has no load
WARNING: [Synth 8-7129] Port immed22[23] in module memoryHandler is either unconnected or has no load
WARNING: [Synth 8-7129] Port immed22[22] in module memoryHandler is either unconnected or has no load
WARNING: [Synth 8-7129] Port immed22[21] in module memoryHandler is either unconnected or has no load
WARNING: [Synth 8-7129] Port immed22[20] in module memoryHandler is either unconnected or has no load
WARNING: [Synth 8-7129] Port immed22[19] in module memoryHandler is either unconnected or has no load
WARNING: [Synth 8-7129] Port immed22[18] in module memoryHandler is either unconnected or has no load
WARNING: [Synth 8-7129] Port immed22[17] in module memoryHandler is either unconnected or has no load
WARNING: [Synth 8-7129] Port immed22[16] in module memoryHandler is either unconnected or has no load
WARNING: [Synth 8-7129] Port immed22[15] in module memoryHandler is either unconnected or has no load
WARNING: [Synth 8-7129] Port immed22[14] in module memoryHandler is either unconnected or has no load
WARNING: [Synth 8-7129] Port immed22[13] in module memoryHandler is either unconnected or has no load
WARNING: [Synth 8-7129] Port immed22[12] in module memoryHandler is either unconnected or has no load
WARNING: [Synth 8-7129] Port immed22[11] in module memoryHandler is either unconnected or has no load
WARNING: [Synth 8-7129] Port immed22[10] in module memoryHandler is either unconnected or has no load
WARNING: [Synth 8-7129] Port immed22[9] in module memoryHandler is either unconnected or has no load
WARNING: [Synth 8-7129] Port immed22[8] in module memoryHandler is either unconnected or has no load
WARNING: [Synth 8-7129] Port ctrl_out[31] in module mux2_1iRegFile is either unconnected or has no load
WARNING: [Synth 8-7129] Port ctrl_out[30] in module mux2_1iRegFile is either unconnected or has no load
WARNING: [Synth 8-7129] Port ctrl_out[29] in module mux2_1iRegFile is either unconnected or has no load
WARNING: [Synth 8-7129] Port ctrl_out[28] in module mux2_1iRegFile is either unconnected or has no load
WARNING: [Synth 8-7129] Port ctrl_out[27] in module mux2_1iRegFile is either unconnected or has no load
WARNING: [Synth 8-7129] Port ctrl_out[25] in module mux2_1iRegFile is either unconnected or has no load
WARNING: [Synth 8-7129] Port ctrl_out[23] in module mux2_1iRegFile is either unconnected or has no load
WARNING: [Synth 8-7129] Port ctrl_out[22] in module mux2_1iRegFile is either unconnected or has no load
WARNING: [Synth 8-7129] Port ctrl_out[21] in module mux2_1iRegFile is either unconnected or has no load
WARNING: [Synth 8-7129] Port ctrl_out[20] in module mux2_1iRegFile is either unconnected or has no load
WARNING: [Synth 8-7129] Port ctrl_out[19] in module mux2_1iRegFile is either unconnected or has no load
WARNING: [Synth 8-7129] Port ctrl_out[18] in module mux2_1iRegFile is either unconnected or has no load
WARNING: [Synth 8-7129] Port ctrl_out[17] in module mux2_1iRegFile is either unconnected or has no load
WARNING: [Synth 8-7129] Port ctrl_out[16] in module mux2_1iRegFile is either unconnected or has no load
WARNING: [Synth 8-7129] Port ctrl_out[15] in module mux2_1iRegFile is either unconnected or has no load
WARNING: [Synth 8-7129] Port ctrl_out[14] in module mux2_1iRegFile is either unconnected or has no load
WARNING: [Synth 8-7129] Port ctrl_out[13] in module mux2_1iRegFile is either unconnected or has no load
WARNING: [Synth 8-7129] Port ctrl_out[12] in module mux2_1iRegFile is either unconnected or has no load
WARNING: [Synth 8-7129] Port ctrl_out[11] in module mux2_1iRegFile is either unconnected or has no load
WARNING: [Synth 8-7129] Port ctrl_out[10] in module mux2_1iRegFile is either unconnected or has no load
WARNING: [Synth 8-7129] Port ctrl_out[9] in module mux2_1iRegFile is either unconnected or has no load
WARNING: [Synth 8-7129] Port ctrl_out[8] in module mux2_1iRegFile is either unconnected or has no load
WARNING: [Synth 8-7129] Port ctrl_out[7] in module mux2_1iRegFile is either unconnected or has no load
WARNING: [Synth 8-7129] Port ctrl_out[6] in module mux2_1iRegFile is either unconnected or has no load
WARNING: [Synth 8-7129] Port ctrl_out[5] in module mux2_1iRegFile is either unconnected or has no load
WARNING: [Synth 8-7129] Port ctrl_out[4] in module mux2_1iRegFile is either unconnected or has no load
WARNING: [Synth 8-7129] Port ctrl_out[3] in module mux2_1iRegFile is either unconnected or has no load
WARNING: [Synth 8-7129] Port ctrl_out[2] in module mux2_1iRegFile is either unconnected or has no load
WARNING: [Synth 8-7129] Port ctrl_out[1] in module mux2_1iRegFile is either unconnected or has no load
WARNING: [Synth 8-7129] Port ctrl_out[0] in module mux2_1iRegFile is either unconnected or has no load
WARNING: [Synth 8-7129] Port ctrl_out[31] in module mux2_1 is either unconnected or has no load
WARNING: [Synth 8-7129] Port ctrl_out[30] in module mux2_1 is either unconnected or has no load
WARNING: [Synth 8-7129] Port ctrl_out[29] in module mux2_1 is either unconnected or has no load
WARNING: [Synth 8-7129] Port ctrl_out[28] in module mux2_1 is either unconnected or has no load
WARNING: [Synth 8-7129] Port ctrl_out[27] in module mux2_1 is either unconnected or has no load
WARNING: [Synth 8-7129] Port ctrl_out[26] in module mux2_1 is either unconnected or has no load
WARNING: [Synth 8-7129] Port ctrl_out[25] in module mux2_1 is either unconnected or has no load
WARNING: [Synth 8-7129] Port ctrl_out[24] in module mux2_1 is either unconnected or has no load
WARNING: [Synth 8-7129] Port ctrl_out[22] in module mux2_1 is either unconnected or has no load
WARNING: [Synth 8-7129] Port ctrl_out[21] in module mux2_1 is either unconnected or has no load
WARNING: [Synth 8-7129] Port ctrl_out[20] in module mux2_1 is either unconnected or has no load
WARNING: [Synth 8-7129] Port ctrl_out[19] in module mux2_1 is either unconnected or has no load
WARNING: [Synth 8-7129] Port ctrl_out[18] in module mux2_1 is either unconnected or has no load
WARNING: [Synth 8-7129] Port ctrl_out[17] in module mux2_1 is either unconnected or has no load
WARNING: [Synth 8-7129] Port ctrl_out[16] in module mux2_1 is either unconnected or has no load
WARNING: [Synth 8-7129] Port ctrl_out[15] in module mux2_1 is either unconnected or has no load
WARNING: [Synth 8-7129] Port ctrl_out[14] in module mux2_1 is either unconnected or has no load
WARNING: [Synth 8-7129] Port ctrl_out[13] in module mux2_1 is either unconnected or has no load
INFO: [Common 17-14] Message 'Synth 8-7129' appears 100 times and further instances of the messages will be disabled. Use the Tcl command set_msg_config to change the current settings.
---------------------------------------------------------------------------------
Finished RTL Elaboration : Time (s): cpu = 00:00:05 ; elapsed = 00:00:05 . Memory (MB): peak = 2904.012 ; gain = 452.637 ; free physical = 132 ; free virtual = 4158
---------------------------------------------------------------------------------
---------------------------------------------------------------------------------
Start Handling Custom Attributes
---------------------------------------------------------------------------------
---------------------------------------------------------------------------------
Finished Handling Custom Attributes : Time (s): cpu = 00:00:05 ; elapsed = 00:00:05 . Memory (MB): peak = 2921.824 ; gain = 470.449 ; free physical = 131 ; free virtual = 4157
---------------------------------------------------------------------------------
---------------------------------------------------------------------------------
Finished RTL Optimization Phase 1 : Time (s): cpu = 00:00:05 ; elapsed = 00:00:05 . Memory (MB): peak = 2921.824 ; gain = 470.449 ; free physical = 131 ; free virtual = 4157
---------------------------------------------------------------------------------
Netlist sorting complete. Time (s): cpu = 00:00:00.01 ; elapsed = 00:00:00.02 . Memory (MB): peak = 2921.824 ; gain = 0.000 ; free physical = 131 ; free virtual = 4157
INFO: [Project 1-570] Preparing netlist for logic optimization

Processing XDC Constraints
Initializing timing engine
Parsing XDC File [/home/afonso/Documents/VesPA-CPU_MEM_italian/VesPA-CPU_MEM_italian/VesPA Version 8bit ROM/aula.gen/sources_1/bd/memoryAf/ip/memoryAf_axi_bram_ctrl_0_bram_0/memoryAf_axi_bram_ctrl_0_bram_0/memoryAf_axi_bram_ctrl_0_bram_0_in_context.xdc] for cell 'memoryAf_wrapper/memoryAf_i/axi_bram_ctrl_0_bram'
Finished Parsing XDC File [/home/afonso/Documents/VesPA-CPU_MEM_italian/VesPA-CPU_MEM_italian/VesPA Version 8bit ROM/aula.gen/sources_1/bd/memoryAf/ip/memoryAf_axi_bram_ctrl_0_bram_0/memoryAf_axi_bram_ctrl_0_bram_0/memoryAf_axi_bram_ctrl_0_bram_0_in_context.xdc] for cell 'memoryAf_wrapper/memoryAf_i/axi_bram_ctrl_0_bram'
Parsing XDC File [/home/afonso/Documents/VesPA-CPU_MEM_italian/VesPA-CPU_MEM_italian/VesPA Version 8bit ROM/aula.gen/sources_1/bd/memoryAf/ip/memoryAf_blk_mem_gen_0_1/memoryAf_blk_mem_gen_0_1/memoryAf_blk_mem_gen_0_1_in_context.xdc] for cell 'memoryAf_wrapper/memoryAf_i/blk_mem_gen_0'
Finished Parsing XDC File [/home/afonso/Documents/VesPA-CPU_MEM_italian/VesPA-CPU_MEM_italian/VesPA Version 8bit ROM/aula.gen/sources_1/bd/memoryAf/ip/memoryAf_blk_mem_gen_0_1/memoryAf_blk_mem_gen_0_1/memoryAf_blk_mem_gen_0_1_in_context.xdc] for cell 'memoryAf_wrapper/memoryAf_i/blk_mem_gen_0'
Parsing XDC File [/home/afonso/Documents/VesPA-CPU_MEM_italian/VesPA-CPU_MEM_italian/VesPA Version 8bit ROM/aula.gen/sources_1/bd/RegFile/ip/RegFile_blk_mem_gen_0_0/RegFile_blk_mem_gen_0_0/RegFile_blk_mem_gen_0_0_in_context.xdc] for cell 'cpu/data_path/register_bank/regfile/RegFile_i/blk_mem_gen_0'
Finished Parsing XDC File [/home/afonso/Documents/VesPA-CPU_MEM_italian/VesPA-CPU_MEM_italian/VesPA Version 8bit ROM/aula.gen/sources_1/bd/RegFile/ip/RegFile_blk_mem_gen_0_0/RegFile_blk_mem_gen_0_0/RegFile_blk_mem_gen_0_0_in_context.xdc] for cell 'cpu/data_path/register_bank/regfile/RegFile_i/blk_mem_gen_0'
Parsing XDC File [/home/afonso/Documents/VesPA-CPU_MEM_italian/VesPA-CPU_MEM_italian/VesPA Version 8bit ROM/aula.gen/sources_1/bd/RegFile/ip/RegFile_blk_mem_gen_0_1/RegFile_blk_mem_gen_0_1/RegFile_blk_mem_gen_0_1_in_context.xdc] for cell 'cpu/data_path/register_bank/regfile/RegFile_i/blk_mem_gen_1'
Finished Parsing XDC File [/home/afonso/Documents/VesPA-CPU_MEM_italian/VesPA-CPU_MEM_italian/VesPA Version 8bit ROM/aula.gen/sources_1/bd/RegFile/ip/RegFile_blk_mem_gen_0_1/RegFile_blk_mem_gen_0_1/RegFile_blk_mem_gen_0_1_in_context.xdc] for cell 'cpu/data_path/register_bank/regfile/RegFile_i/blk_mem_gen_1'
Parsing XDC File [/home/afonso/Documents/VesPA-CPU_MEM_italian/VesPA-CPU_MEM_italian/VesPA Version 8bit ROM/aula.srcs/constrs_1/new/constraints.xdc]
Finished Parsing XDC File [/home/afonso/Documents/VesPA-CPU_MEM_italian/VesPA-CPU_MEM_italian/VesPA Version 8bit ROM/aula.srcs/constrs_1/new/constraints.xdc]
INFO: [Project 1-236] Implementation specific constraints were found while reading constraint file [/home/afonso/Documents/VesPA-CPU_MEM_italian/VesPA-CPU_MEM_italian/VesPA Version 8bit ROM/aula.srcs/constrs_1/new/constraints.xdc]. These constraints will be ignored for synthesis but will be used in implementation. Impacted constraints are listed in the file [.Xil/top_propImpl.xdc].
Resolution: To avoid this warning, move constraints listed in [.Xil/top_propImpl.xdc] to another XDC file and exclude this new file from synthesis with the used_in_synthesis property (File Properties dialog in GUI) and re-run elaboration/synthesis.
Parsing XDC File [/home/afonso/Documents/VesPA-CPU_MEM_italian/VesPA-CPU_MEM_italian/VesPA Version 8bit ROM/aula.runs/synth_1/dont_touch.xdc]
Finished Parsing XDC File [/home/afonso/Documents/VesPA-CPU_MEM_italian/VesPA-CPU_MEM_italian/VesPA Version 8bit ROM/aula.runs/synth_1/dont_touch.xdc]
Completed Processing XDC Constraints

Netlist sorting complete. Time (s): cpu = 00:00:00 ; elapsed = 00:00:00 . Memory (MB): peak = 3071.574 ; gain = 0.000 ; free physical = 120 ; free virtual = 4146
INFO: [Project 1-111] Unisim Transformation Summary:
No Unisim elements were transformed.

Constraint Validation Runtime : Time (s): cpu = 00:00:00.01 ; elapsed = 00:00:00.01 . Memory (MB): peak = 3071.574 ; gain = 0.000 ; free physical = 120 ; free virtual = 4146
INFO: [Designutils 20-5440] No compile time benefit to using incremental synthesis; A full resynthesis will be run
INFO: [Designutils 20-4379] Flow is switching to default flow due to incremental criteria not met. If you would like to alter this behaviour and have the flow terminate instead, please set the following parameter config_implementation {autoIncr.Synth.RejectBehavior Terminate}
---------------------------------------------------------------------------------
Finished Constraint Validation : Time (s): cpu = 00:00:11 ; elapsed = 00:00:11 . Memory (MB): peak = 3071.574 ; gain = 620.199 ; free physical = 129 ; free virtual = 4136
---------------------------------------------------------------------------------
---------------------------------------------------------------------------------
Start Loading Part and Timing Information
---------------------------------------------------------------------------------
Loading part: xc7z010clg400-1
---------------------------------------------------------------------------------
Finished Loading Part and Timing Information : Time (s): cpu = 00:00:11 ; elapsed = 00:00:11 . Memory (MB): peak = 3071.574 ; gain = 620.199 ; free physical = 129 ; free virtual = 4136
---------------------------------------------------------------------------------
---------------------------------------------------------------------------------
Start Applying 'set_property' XDC Constraints
---------------------------------------------------------------------------------
Applied set_property KEEP_HIERARCHY = SOFT for memoryAf_wrapper/memoryAf_i. (constraint file  auto generated constraint).
Applied set_property KEEP_HIERARCHY = SOFT for memoryAf_wrapper/memoryAf_i/axi_bram_ctrl_0_bram. (constraint file  auto generated constraint).
Applied set_property KEEP_HIERARCHY = SOFT for memoryAf_wrapper/memoryAf_i/blk_mem_gen_0. (constraint file  auto generated constraint).
Applied set_property KEEP_HIERARCHY = SOFT for cpu/data_path/register_bank/regfile/RegFile_i. (constraint file  auto generated constraint).
Applied set_property KEEP_HIERARCHY = SOFT for cpu/data_path/register_bank/regfile/RegFile_i/blk_mem_gen_0. (constraint file  auto generated constraint).
Applied set_property KEEP_HIERARCHY = SOFT for cpu/data_path/register_bank/regfile/RegFile_i/blk_mem_gen_1. (constraint file  auto generated constraint).
---------------------------------------------------------------------------------
Finished applying 'set_property' XDC Constraints : Time (s): cpu = 00:00:11 ; elapsed = 00:00:11 . Memory (MB): peak = 3071.574 ; gain = 620.199 ; free physical = 129 ; free virtual = 4136
---------------------------------------------------------------------------------
WARNING: [Synth 8-327] inferring latch for variable 'C_reg' [/home/afonso/Documents/VesPA-CPU_MEM_italian/VesPA-CPU_MEM_italian/VesPA Version 8bit ROM/aula.srcs/sources_1/new/ALU.v:40]
WARNING: [Synth 8-327] inferring latch for variable 'Z_reg' [/home/afonso/Documents/VesPA-CPU_MEM_italian/VesPA-CPU_MEM_italian/VesPA Version 8bit ROM/aula.srcs/sources_1/new/ALU.v:41]
WARNING: [Synth 8-327] inferring latch for variable 'N_reg' [/home/afonso/Documents/VesPA-CPU_MEM_italian/VesPA-CPU_MEM_italian/VesPA Version 8bit ROM/aula.srcs/sources_1/new/ALU.v:47]
WARNING: [Synth 8-327] inferring latch for variable 'V_reg' [/home/afonso/Documents/VesPA-CPU_MEM_italian/VesPA-CPU_MEM_italian/VesPA Version 8bit ROM/aula.srcs/sources_1/new/ALU.v:42]
---------------------------------------------------------------------------------
Finished RTL Optimization Phase 2 : Time (s): cpu = 00:00:11 ; elapsed = 00:00:12 . Memory (MB): peak = 3071.574 ; gain = 620.199 ; free physical = 127 ; free virtual = 4136
---------------------------------------------------------------------------------
---------------------------------------------------------------------------------
Start RTL Component Statistics 
---------------------------------------------------------------------------------
Detailed RTL Component Info : 
+---Adders : 
	   2 Input   33 Bit       Adders := 2     
	   3 Input   33 Bit       Adders := 2     
	   2 Input   32 Bit       Adders := 6     
	   3 Input   32 Bit       Adders := 2     
	   2 Input    8 Bit       Adders := 2     
	   2 Input    1 Bit       Adders := 1     
+---XORs : 
	   2 Input     33 Bit         XORs := 2     
	   2 Input      1 Bit         XORs := 1     
+---Registers : 
	               32 Bit    Registers := 6     
	               16 Bit    Registers := 2     
	                5 Bit    Registers := 1     
	                4 Bit    Registers := 2     
	                1 Bit    Registers := 4     
+---Muxes : 
	  15 Input   33 Bit        Muxes := 1     
	   2 Input   32 Bit        Muxes := 19    
	   2 Input   16 Bit        Muxes := 1     
	   2 Input    8 Bit        Muxes := 4     
	  22 Input    5 Bit        Muxes := 1     
	   2 Input    5 Bit        Muxes := 1     
	   2 Input    1 Bit        Muxes := 25    
	  15 Input    1 Bit        Muxes := 1     
---------------------------------------------------------------------------------
Finished RTL Component Statistics 
---------------------------------------------------------------------------------
---------------------------------------------------------------------------------
Start Part Resource Summary
---------------------------------------------------------------------------------
Part Resources:
DSPs: 80 (col length:40)
BRAMs: 120 (col length: RAMB18 40 RAMB36 20)
---------------------------------------------------------------------------------
Finished Part Resource Summary
---------------------------------------------------------------------------------
---------------------------------------------------------------------------------
Start Cross Boundary and Area Optimization
---------------------------------------------------------------------------------
WARNING: [Synth 8-7080] Parallel synthesis criteria is not met
WARNING: [Synth 8-3332] Sequential element (i_3) is unused and will be removed from module ALU.
---------------------------------------------------------------------------------
Finished Cross Boundary and Area Optimization : Time (s): cpu = 00:00:18 ; elapsed = 00:00:18 . Memory (MB): peak = 3071.574 ; gain = 620.199 ; free physical = 129 ; free virtual = 4104
---------------------------------------------------------------------------------
---------------------------------------------------------------------------------
Start Applying XDC Timing Constraints
---------------------------------------------------------------------------------
---------------------------------------------------------------------------------
Finished Applying XDC Timing Constraints : Time (s): cpu = 00:00:22 ; elapsed = 00:00:22 . Memory (MB): peak = 3071.574 ; gain = 620.199 ; free physical = 122 ; free virtual = 4103
---------------------------------------------------------------------------------
---------------------------------------------------------------------------------
Start Timing Optimization
---------------------------------------------------------------------------------
---------------------------------------------------------------------------------
Finished Timing Optimization : Time (s): cpu = 00:00:22 ; elapsed = 00:00:22 . Memory (MB): peak = 3071.574 ; gain = 620.199 ; free physical = 122 ; free virtual = 4103
---------------------------------------------------------------------------------
---------------------------------------------------------------------------------
Start Technology Mapping
---------------------------------------------------------------------------------
---------------------------------------------------------------------------------
Finished Technology Mapping : Time (s): cpu = 00:00:22 ; elapsed = 00:00:22 . Memory (MB): peak = 3071.574 ; gain = 620.199 ; free physical = 122 ; free virtual = 4103
---------------------------------------------------------------------------------
---------------------------------------------------------------------------------
Start IO Insertion
---------------------------------------------------------------------------------
---------------------------------------------------------------------------------
Start Flattening Before IO Insertion
---------------------------------------------------------------------------------
---------------------------------------------------------------------------------
Finished Flattening Before IO Insertion
---------------------------------------------------------------------------------
---------------------------------------------------------------------------------
Start Final Netlist Cleanup
---------------------------------------------------------------------------------
---------------------------------------------------------------------------------
Finished Final Netlist Cleanup
---------------------------------------------------------------------------------
---------------------------------------------------------------------------------
Finished IO Insertion : Time (s): cpu = 00:00:25 ; elapsed = 00:00:26 . Memory (MB): peak = 3071.574 ; gain = 620.199 ; free physical = 122 ; free virtual = 4103
---------------------------------------------------------------------------------
---------------------------------------------------------------------------------
Start Renaming Generated Instances
---------------------------------------------------------------------------------
---------------------------------------------------------------------------------
Finished Renaming Generated Instances : Time (s): cpu = 00:00:25 ; elapsed = 00:00:26 . Memory (MB): peak = 3071.574 ; gain = 620.199 ; free physical = 122 ; free virtual = 4103
---------------------------------------------------------------------------------
---------------------------------------------------------------------------------
Start Rebuilding User Hierarchy
---------------------------------------------------------------------------------
---------------------------------------------------------------------------------
Finished Rebuilding User Hierarchy : Time (s): cpu = 00:00:25 ; elapsed = 00:00:26 . Memory (MB): peak = 3071.574 ; gain = 620.199 ; free physical = 122 ; free virtual = 4103
---------------------------------------------------------------------------------
---------------------------------------------------------------------------------
Start Renaming Generated Ports
---------------------------------------------------------------------------------
---------------------------------------------------------------------------------
Finished Renaming Generated Ports : Time (s): cpu = 00:00:25 ; elapsed = 00:00:26 . Memory (MB): peak = 3071.574 ; gain = 620.199 ; free physical = 122 ; free virtual = 4103
---------------------------------------------------------------------------------
---------------------------------------------------------------------------------
Start Handling Custom Attributes
---------------------------------------------------------------------------------
---------------------------------------------------------------------------------
Finished Handling Custom Attributes : Time (s): cpu = 00:00:26 ; elapsed = 00:00:26 . Memory (MB): peak = 3071.574 ; gain = 620.199 ; free physical = 122 ; free virtual = 4103
---------------------------------------------------------------------------------
---------------------------------------------------------------------------------
Start Renaming Generated Nets
---------------------------------------------------------------------------------
---------------------------------------------------------------------------------
Finished Renaming Generated Nets : Time (s): cpu = 00:00:26 ; elapsed = 00:00:26 . Memory (MB): peak = 3071.574 ; gain = 620.199 ; free physical = 122 ; free virtual = 4103
---------------------------------------------------------------------------------
---------------------------------------------------------------------------------
Start Writing Synthesis Report
---------------------------------------------------------------------------------

Report BlackBoxes: 
+------+--------------------------------+----------+
|      |BlackBox name                   |Instances |
+------+--------------------------------+----------+
|1     |RegFile_blk_mem_gen_0_0         |         1|
|2     |RegFile_blk_mem_gen_0_1         |         1|
|3     |memoryAf_axi_bram_ctrl_0_bram_0 |         1|
|4     |memoryAf_blk_mem_gen_0_1        |         1|
+------+--------------------------------+----------+

Report Cell Usage: 
+------+------------------------------+------+
|      |Cell                          |Count |
+------+------------------------------+------+
|1     |RegFile_blk_mem_gen_0         |     2|
|3     |memoryAf_axi_bram_ctrl_0_bram |     1|
|4     |memoryAf_blk_mem_gen_0        |     1|
|5     |BUFG                          |     2|
|6     |CARRY4                        |    56|
|7     |LUT1                          |     3|
|8     |LUT2                          |   198|
|9     |LUT3                          |    17|
|10    |LUT4                          |    91|
|11    |LUT5                          |   141|
|12    |LUT6                          |   285|
|13    |MUXF7                         |     9|
|14    |FDRE                          |   138|
|15    |FDSE                          |     3|
|16    |LD                            |     5|
|17    |IBUF                          |     4|
|18    |OBUF                          |     4|
+------+------------------------------+------+
---------------------------------------------------------------------------------
Finished Writing Synthesis Report : Time (s): cpu = 00:00:26 ; elapsed = 00:00:26 . Memory (MB): peak = 3071.574 ; gain = 620.199 ; free physical = 122 ; free virtual = 4103
---------------------------------------------------------------------------------
Synthesis finished with 0 errors, 0 critical warnings and 174 warnings.
Synthesis Optimization Runtime : Time (s): cpu = 00:00:24 ; elapsed = 00:00:25 . Memory (MB): peak = 3071.574 ; gain = 470.449 ; free physical = 122 ; free virtual = 4103
Synthesis Optimization Complete : Time (s): cpu = 00:00:26 ; elapsed = 00:00:26 . Memory (MB): peak = 3071.574 ; gain = 620.199 ; free physical = 122 ; free virtual = 4103
INFO: [Project 1-571] Translating synthesized netlist
Netlist sorting complete. Time (s): cpu = 00:00:00.01 ; elapsed = 00:00:00.01 . Memory (MB): peak = 3071.574 ; gain = 0.000 ; free physical = 404 ; free virtual = 4385
INFO: [Netlist 29-17] Analyzing 70 Unisim elements for replacement
INFO: [Netlist 29-28] Unisim Transformation completed in 0 CPU seconds
INFO: [Project 1-570] Preparing netlist for logic optimization
INFO: [Opt 31-138] Pushed 0 inverter(s) to 0 load pin(s).
Netlist sorting complete. Time (s): cpu = 00:00:00 ; elapsed = 00:00:00 . Memory (MB): peak = 3071.574 ; gain = 0.000 ; free physical = 406 ; free virtual = 4387
INFO: [Project 1-111] Unisim Transformation Summary:
  A total of 5 instances were transformed.
  LD => LDCE: 5 instances

Synth Design complete | Checksum: 344fbf8d
INFO: [Common 17-83] Releasing license: Synthesis
89 Infos, 123 Warnings, 0 Critical Warnings and 0 Errors encountered.
synth_design completed successfully
synth_design: Time (s): cpu = 00:00:32 ; elapsed = 00:00:30 . Memory (MB): peak = 3071.574 ; gain = 939.504 ; free physical = 406 ; free virtual = 4387
INFO: [Common 17-2834] synth_design peak Physical Memory [PSS] (MB): overall = 2627.204; main = 2302.349; forked = 374.080
INFO: [Common 17-2834] synth_design peak Virtual Memory [VSS] (MB): overall = 4017.648; main = 3071.578; forked = 978.086
INFO: [Common 17-1381] The checkpoint '/home/afonso/Documents/VesPA-CPU_MEM_italian/VesPA-CPU_MEM_italian/VesPA Version 8bit ROM/aula.runs/synth_1/top.dcp' has been generated.
INFO: [runtcl-4] Executing : report_utilization -file top_utilization_synth.rpt -pb top_utilization_synth.pb
INFO: [Common 17-206] Exiting Vivado at Sun Dec 10 20:28:45 2023...
